[2026-04-19T21:48:19.891Z] METHOD: POST /v1/auth/signup 
[2026-04-19T21:49:16.530Z] METHOD: POST /v1/auth/signup 
[2026-04-19T21:52:17.959Z] METHOD: POST /v1/auth/signup 
[2026-04-19T21:52:53.219Z] METHOD: POST /v1/auth/signup 
[2026-04-19T21:53:31.314Z] METHOD: POST /v1/auth/signup 
[2026-04-19T21:56:34.320Z] METHOD: POST /v1/auth/signup 
[2026-04-19T21:57:50.009Z] METHOD: POST /v1/auth/signup 
[2026-04-19T22:00:39.904Z] METHOD: POST /v1/auth/signup 
[2026-04-19T22:04:14.590Z] METHOD: POST /v1/auth/signup 
[2026-04-19T22:04:50.354Z] METHOD: POST /v1/auth/signup 
[2026-04-19T22:05:18.060Z] METHOD: POST /v1/auth/signup 
[2026-04-19T22:06:05.058Z] METHOD: POST /v1/auth/signup 
[2026-04-19T22:08:27.671Z] METHOD: POST /v1/auth/signup 
[2026-04-19T22:08:33.785Z] METHOD: POST /v1/auth/signup 
[2026-04-19T22:10:29.392Z] METHOD: POST /v1/auth/signup 
[2026-04-19T22:18:53.471Z] METHOD: POST /v1/auth/login 
[2026-04-19T22:19:17.954Z] METHOD: GET /v1/todos 
[2026-04-19T22:29:36.155Z] METHOD: POST /v1/auth/login 
[2026-04-19T22:29:53.960Z] METHOD: POST /v1/todos 
[2026-04-19T22:30:35.389Z] METHOD: POST /v1/todos 
[2026-04-19T22:32:08.939Z] METHOD: POST /v1/todos 
[2026-04-19T22:32:24.150Z] METHOD: GET /v1/todos 
[2026-04-19T22:34:08.053Z] METHOD: GET /v1/todos 
[2026-04-19T22:40:34.177Z] METHOD: POST /v1/auth/login 
[2026-04-19T22:41:48.583Z] METHOD: GET /v1/todos/69e557e84b31530d66751742 
[2026-04-19T22:43:26.509Z] METHOD: GET /v1/todos/69e557e84b31530d66751742 
[2026-04-19T22:44:48.915Z] METHOD: GET /v1/todos/69e557e84b31530d66751742 
[2026-04-19T22:44:53.482Z] METHOD: POST /v1/auth/login 
[2026-04-19T22:45:06.397Z] METHOD: GET /v1/todos 
[2026-04-19T22:45:15.268Z] METHOD: GET /v1/todos/69e557e84b31530d66751742 
[2026-04-19T22:48:12.976Z] METHOD: GET /v1/todos/69e557e84b31530d66751742 
[2026-04-19T22:52:22.408Z] METHOD: DELETE /v1/todos/69e557e84b31530d66751742 
[2026-04-19T22:52:38.377Z] METHOD: GET /v1/todos 
[2026-04-19T23:02:18.046Z] METHOD: POST /v1/auth/login 
[2026-04-19T23:02:29.266Z] METHOD: POST /v1/todos 
[2026-04-19T23:02:43.246Z] METHOD: POST /v1/todos 
[2026-04-19T23:02:57.056Z] METHOD: POST /v1/todos 
[2026-04-19T23:02:59.348Z] METHOD: GET /v1/todos 
[2026-04-19T23:03:48.145Z] METHOD: PUT /v1/todos/69e55f2149df664b6def16f5 
[2026-04-19T23:05:24.725Z] METHOD: GET /v1/todos 
[2026-04-19T23:05:33.982Z] METHOD: GET /v1/todos 
[2026-04-19T23:05:47.666Z] METHOD: PUT /v1/todos/69e55f2149df664b6def16f5 
[2026-04-19T23:06:07.228Z] METHOD: PUT /v1/todos/69e55f2149df664b6def16f5 
[2026-04-19T23:07:33.323Z] METHOD: GET /v1/todos 
[2026-04-19T23:07:41.864Z] METHOD: PUT /v1/todos/69e55f2149df664b6def16f5 
[2026-04-19T23:07:48.162Z] METHOD: GET /v1/todos 
