[2026-04-11T21:05:13.809Z] METHOD: GET /v1/auth/signup 
[2026-04-11T21:05:52.429Z] METHOD: GET /v1/auth/signup 
[2026-04-11T21:06:32.040Z] METHOD: POST /v1/auth/signup 
[2026-04-11T21:08:03.398Z] METHOD: POST /v1/auth/login 
[2026-04-11T21:21:54.014Z] METHOD: POST /v1/auth/signup 
[2026-04-11T21:22:10.902Z] METHOD: POST /v1/auth/signup 
[2026-04-11T21:22:25.192Z] METHOD: POST /v1/auth/signup 
[2026-04-11T21:22:27.826Z] METHOD: POST /v1/auth/signup 
[2026-04-11T21:23:08.724Z] METHOD: POST /v1/auth/signup 
[2026-04-11T21:24:02.337Z] METHOD: POST /v1/auth/signup 
[2026-04-11T21:24:04.104Z] METHOD: POST /v1/auth/signup 
[2026-04-11T22:01:54.652Z] METHOD: POST /v1/auth/signup 
[2026-04-11T22:02:25.240Z] METHOD: POST /v1/auth/signup 
[2026-04-11T22:03:02.034Z] METHOD: POST /v1/auth/login 
[2026-04-11T22:17:14.527Z] METHOD: POST /v1/auth/login 
[2026-04-11T22:19:47.202Z] METHOD: POST /v1/auth/login 
[2026-04-11T22:19:52.900Z] METHOD: POST /v1/auth/login 
[2026-04-11T22:19:58.688Z] METHOD: POST /v1/auth/login 
[2026-04-11T22:37:25.005Z] METHOD: POST /v1/auth/login 
[2026-04-11T22:37:28.804Z] METHOD: POST /v1/auth/login 
[2026-04-11T22:37:37.652Z] METHOD: POST /v1/auth/signup 
[2026-04-11T22:37:41.848Z] METHOD: POST /v1/auth/login 
[2026-04-11T22:41:50.957Z] METHOD: POST /v1/auth/signup 
[2026-04-11T22:41:53.752Z] METHOD: POST /v1/auth/login 
[2026-04-11T22:44:02.372Z] METHOD: GET /v1/todos 
[2026-04-11T22:44:11.269Z] METHOD: GET /v1/todos 
[2026-04-11T22:44:53.104Z] METHOD: POST /v1/auth/signup 
[2026-04-11T22:44:55.046Z] METHOD: POST /v1/auth/login 
[2026-04-11T22:45:10.313Z] METHOD: GET /v1/todos 
[2026-04-11T22:45:14.974Z] METHOD: GET /v1/todos 
[2026-04-11T22:46:07.792Z] METHOD: GET /v1/todos 
[2026-04-11T22:48:35.640Z] METHOD: POST /v1/auth/signup 
[2026-04-11T22:48:38.072Z] METHOD: POST /v1/auth/login 
[2026-04-11T22:48:50.847Z] METHOD: GET /v1/todos 
[2026-04-11T22:49:31.632Z] METHOD: GET /v1/todos 
[2026-04-11T22:49:54.708Z] METHOD: GET /v1/todos 
[2026-04-11T22:50:06.318Z] METHOD: GET /v1/todos 
[2026-04-11T22:54:14.010Z] METHOD: GET /v1/todos 
[2026-04-11T22:54:34.503Z] METHOD: GET /v1/todos 
[2026-04-11T22:57:56.395Z] METHOD: POST /v1/auth/login 
[2026-04-11T22:58:08.282Z] METHOD: POST /v1/auth/signup 
[2026-04-11T22:58:10.786Z] METHOD: POST /v1/auth/login 
[2026-04-11T22:58:22.131Z] METHOD: GET /v1/todos 
[2026-04-11T22:59:22.832Z] METHOD: POST /v1/todos 
[2026-04-11T22:59:27.935Z] METHOD: GET /v1/todos 
